---------- Date: 2014-02-07 01:36:43 ~ IP : 69.254.148.219 ----------
REQUEST URI : /upload/
MOD DETAILS:
   modFile   : /home2/jgalenti/public_html/jscibeats.com/upload/vqmod/xml/multi_tier_affiliate_system.xml
   id        : Multi tier affiliate system
   version   : 1.4.0130
   vqmver    : 2.1.5
   author    : YP

File Name    : system/library/cart.php(2)
VQModObject::applyMod - SEARCH NOT FOUND (ABORTING MOD): if (isset($product[1])) {

----------------------------------------------------------------------


---------- Date: 2014-02-07 17:11:36 ~ IP : 69.254.148.219 ----------
REQUEST URI : /upload/
MOD DETAILS:
   modFile   : /home2/jgalenti/public_html/jscibeats.com/upload/vqmod/xml/multi_tier_affiliate_system.xml
   id        : Multi tier affiliate system
   version   : 1.4.0130
   vqmver    : 2.1.5
   author    : YP

File Name    : system/library/cart.php(2)
VQModObject::applyMod - SEARCH NOT FOUND (ABORTING MOD): if (isset($product[1])) {

----------------------------------------------------------------------


