---------- Date: 2014-02-08 20:52:05 ~ IP : 69.254.148.219 ----------
REQUEST URI : /upload/
MOD DETAILS:
   modFile   : /home2/jgalenti/public_html/jscibeats.com/upload/vqmod/xml/multi_tier_affiliate_system.xml
   id        : Multi tier affiliate system
   version   : 1.4.0130
   vqmver    : 2.1.5
   author    : YP

File Name    : system/library/cart.php(2)
VQModObject::applyMod - SEARCH NOT FOUND (ABORTING MOD): if (isset($product[1])) {

----------------------------------------------------------------------


---------- Date: 2014-02-08 20:52:39 ~ IP : 69.254.148.219 ----------
REQUEST URI : /upload/index.php?route=information/information&amp;information_id=5
MOD DETAILS:
   modFile   : /home2/jgalenti/public_html/jscibeats.com/upload/vqmod/xml/multi_tier_affiliate_system.xml
   id        : Multi tier affiliate system
   version   : 1.4.0130
   vqmver    : 2.1.5
   author    : YP

File Name    : system/library/cart.php(2)
VQModObject::applyMod - SEARCH NOT FOUND (ABORTING MOD): if (isset($product[1])) {

----------------------------------------------------------------------


---------- Date: 2014-02-08 20:54:44 ~ IP : 69.254.148.219 ----------
REQUEST URI : /upload/index.php?route=common/home
MOD DETAILS:
   modFile   : /home2/jgalenti/public_html/jscibeats.com/upload/vqmod/xml/multi_tier_affiliate_system.xml
   id        : Multi tier affiliate system
   version   : 1.4.0130
   vqmver    : 2.1.5
   author    : YP

File Name    : system/library/cart.php(2)
VQModObject::applyMod - SEARCH NOT FOUND (ABORTING MOD): if (isset($product[1])) {

----------------------------------------------------------------------


---------- Date: 2014-02-08 20:54:45 ~ IP : 69.254.148.219 ----------
REQUEST URI : /upload/
MOD DETAILS:
   modFile   : /home2/jgalenti/public_html/jscibeats.com/upload/vqmod/xml/multi_tier_affiliate_system.xml
   id        : Multi tier affiliate system
   version   : 1.4.0130
   vqmver    : 2.1.5
   author    : YP

File Name    : system/library/cart.php(2)
VQModObject::applyMod - SEARCH NOT FOUND (ABORTING MOD): if (isset($product[1])) {

----------------------------------------------------------------------


---------- Date: 2014-02-08 20:54:47 ~ IP : 69.254.148.219 ----------
REQUEST URI : /upload/
MOD DETAILS:
   modFile   : /home2/jgalenti/public_html/jscibeats.com/upload/vqmod/xml/multi_tier_affiliate_system.xml
   id        : Multi tier affiliate system
   version   : 1.4.0130
   vqmver    : 2.1.5
   author    : YP

File Name    : system/library/cart.php(2)
VQModObject::applyMod - SEARCH NOT FOUND (ABORTING MOD): if (isset($product[1])) {

----------------------------------------------------------------------


---------- Date: 2014-02-08 20:54:48 ~ IP : 69.254.148.219 ----------
REQUEST URI : /upload/
MOD DETAILS:
   modFile   : /home2/jgalenti/public_html/jscibeats.com/upload/vqmod/xml/multi_tier_affiliate_system.xml
   id        : Multi tier affiliate system
   version   : 1.4.0130
   vqmver    : 2.1.5
   author    : YP

File Name    : system/library/cart.php(2)
VQModObject::applyMod - SEARCH NOT FOUND (ABORTING MOD): if (isset($product[1])) {

----------------------------------------------------------------------


---------- Date: 2014-02-08 20:54:51 ~ IP : 69.254.148.219 ----------
REQUEST URI : /upload/
MOD DETAILS:
   modFile   : /home2/jgalenti/public_html/jscibeats.com/upload/vqmod/xml/multi_tier_affiliate_system.xml
   id        : Multi tier affiliate system
   version   : 1.4.0130
   vqmver    : 2.1.5
   author    : YP

File Name    : system/library/cart.php(2)
VQModObject::applyMod - SEARCH NOT FOUND (ABORTING MOD): if (isset($product[1])) {

----------------------------------------------------------------------


---------- Date: 2014-02-08 20:54:52 ~ IP : 69.254.148.219 ----------
REQUEST URI : /upload/
MOD DETAILS:
   modFile   : /home2/jgalenti/public_html/jscibeats.com/upload/vqmod/xml/multi_tier_affiliate_system.xml
   id        : Multi tier affiliate system
   version   : 1.4.0130
   vqmver    : 2.1.5
   author    : YP

File Name    : system/library/cart.php(2)
VQModObject::applyMod - SEARCH NOT FOUND (ABORTING MOD): if (isset($product[1])) {

----------------------------------------------------------------------


---------- Date: 2014-02-08 20:55:02 ~ IP : 69.254.148.219 ----------
REQUEST URI : /upload/index.php
MOD DETAILS:
   modFile   : /home2/jgalenti/public_html/jscibeats.com/upload/vqmod/xml/multi_tier_affiliate_system.xml
   id        : Multi tier affiliate system
   version   : 1.4.0130
   vqmver    : 2.1.5
   author    : YP

File Name    : system/library/cart.php(2)
VQModObject::applyMod - SEARCH NOT FOUND (ABORTING MOD): if (isset($product[1])) {

----------------------------------------------------------------------


---------- Date: 2014-02-08 20:55:03 ~ IP : 69.254.148.219 ----------
REQUEST URI : /upload/
MOD DETAILS:
   modFile   : /home2/jgalenti/public_html/jscibeats.com/upload/vqmod/xml/multi_tier_affiliate_system.xml
   id        : Multi tier affiliate system
   version   : 1.4.0130
   vqmver    : 2.1.5
   author    : YP

File Name    : system/library/cart.php(2)
VQModObject::applyMod - SEARCH NOT FOUND (ABORTING MOD): if (isset($product[1])) {

----------------------------------------------------------------------


---------- Date: 2014-02-08 20:55:04 ~ IP : 69.254.148.219 ----------
REQUEST URI : /upload/
MOD DETAILS:
   modFile   : /home2/jgalenti/public_html/jscibeats.com/upload/vqmod/xml/multi_tier_affiliate_system.xml
   id        : Multi tier affiliate system
   version   : 1.4.0130
   vqmver    : 2.1.5
   author    : YP

File Name    : system/library/cart.php(2)
VQModObject::applyMod - SEARCH NOT FOUND (ABORTING MOD): if (isset($product[1])) {

----------------------------------------------------------------------


---------- Date: 2014-02-08 20:55:06 ~ IP : 69.254.148.219 ----------
REQUEST URI : /upload/
MOD DETAILS:
   modFile   : /home2/jgalenti/public_html/jscibeats.com/upload/vqmod/xml/multi_tier_affiliate_system.xml
   id        : Multi tier affiliate system
   version   : 1.4.0130
   vqmver    : 2.1.5
   author    : YP

File Name    : system/library/cart.php(2)
VQModObject::applyMod - SEARCH NOT FOUND (ABORTING MOD): if (isset($product[1])) {

----------------------------------------------------------------------


---------- Date: 2014-02-08 20:55:09 ~ IP : 69.254.148.219 ----------
REQUEST URI : /upload/
MOD DETAILS:
   modFile   : /home2/jgalenti/public_html/jscibeats.com/upload/vqmod/xml/multi_tier_affiliate_system.xml
   id        : Multi tier affiliate system
   version   : 1.4.0130
   vqmver    : 2.1.5
   author    : YP

File Name    : system/library/cart.php(2)
VQModObject::applyMod - SEARCH NOT FOUND (ABORTING MOD): if (isset($product[1])) {

----------------------------------------------------------------------


---------- Date: 2014-02-08 20:55:11 ~ IP : 69.254.148.219 ----------
REQUEST URI : /upload/
MOD DETAILS:
   modFile   : /home2/jgalenti/public_html/jscibeats.com/upload/vqmod/xml/multi_tier_affiliate_system.xml
   id        : Multi tier affiliate system
   version   : 1.4.0130
   vqmver    : 2.1.5
   author    : YP

File Name    : system/library/cart.php(2)
VQModObject::applyMod - SEARCH NOT FOUND (ABORTING MOD): if (isset($product[1])) {

----------------------------------------------------------------------


---------- Date: 2014-02-08 20:55:14 ~ IP : 69.254.148.219 ----------
REQUEST URI : /upload/
MOD DETAILS:
   modFile   : /home2/jgalenti/public_html/jscibeats.com/upload/vqmod/xml/multi_tier_affiliate_system.xml
   id        : Multi tier affiliate system
   version   : 1.4.0130
   vqmver    : 2.1.5
   author    : YP

File Name    : system/library/cart.php(2)
VQModObject::applyMod - SEARCH NOT FOUND (ABORTING MOD): if (isset($product[1])) {

----------------------------------------------------------------------


---------- Date: 2014-02-08 20:55:17 ~ IP : 69.254.148.219 ----------
REQUEST URI : /upload/
MOD DETAILS:
   modFile   : /home2/jgalenti/public_html/jscibeats.com/upload/vqmod/xml/multi_tier_affiliate_system.xml
   id        : Multi tier affiliate system
   version   : 1.4.0130
   vqmver    : 2.1.5
   author    : YP

File Name    : system/library/cart.php(2)
VQModObject::applyMod - SEARCH NOT FOUND (ABORTING MOD): if (isset($product[1])) {

----------------------------------------------------------------------


